<?xml version="1.0" encoding="UTF-8"?>
<!-- Generated by org.testng.reporters.JUnitReportReporter -->
<testsuite skipped="0" hostname="Mohammeds-MBP.cable.rcn.com" name="ups.api.dummy.DeleteReq" tests="1" failures="0" timestamp="2021-05-22T19:48:26 EDT" time="2.049" errors="0">
  <testcase name="DeletRequest" time="2.049" classname="ups.api.dummy.DeleteReq"/>
  <system-out/>
</testsuite> <!-- ups.api.dummy.DeleteReq -->
