<?xml version="1.0" encoding="UTF-8"?>
<!-- Generated by org.testng.reporters.JUnitReportReporter -->
<testsuite skipped="0" hostname="Mohammeds-MBP.cable.rcn.com" name="ups.api.dummy.PutReq" tests="1" failures="0" timestamp="2021-05-22T19:47:44 EDT" time="2.197" errors="0">
  <testcase name="putReq" time="2.197" classname="ups.api.dummy.PutReq"/>
  <system-out/>
</testsuite> <!-- ups.api.dummy.PutReq -->
