<?xml version="1.0" encoding="UTF-8"?>
<!-- Generated by org.testng.reporters.JUnitReportReporter -->
<testsuite skipped="0" hostname="Mohammeds-MBP.cable.rcn.com" name="ups.api.dummy.PostReq" tests="1" failures="0" timestamp="2021-05-26T18:07:20 EDT" time="2.362" errors="0">
  <testcase name="postReq" time="2.362" classname="ups.api.dummy.PostReq"/>
  <system-out/>
</testsuite> <!-- ups.api.dummy.PostReq -->
