<?xml version="1.0" encoding="UTF-8"?>
<!-- Generated by org.testng.reporters.JUnitReportReporter -->
<testsuite skipped="0" hostname="Mohammeds-MBP.cable.rcn.com" name="com.readExcel.ReadExcelData" tests="1" failures="0" timestamp="2021-04-10T19:02:53 EDT" time="0.647" errors="0">
  <testcase name="loginWebZooplaPage" time="0.647" classname="com.readExcel.ReadExcelData"/>
  <system-out/>
</testsuite> <!-- com.readExcel.ReadExcelData -->
